<?xml version="1.0" encoding="UTF-8"?>
<testsuite xmlns:xsi="http://www.w3.org/2001/XMLSchema-instance" xsi:noNamespaceSchemaLocation="https://maven.apache.org/surefire/maven-surefire-plugin/xsd/surefire-test-report.xsd" name="TestSuite" time="1.894" tests="9" errors="0" skipped="3" failures="6">
  <properties>
[...]
</properties>
  <testcase name="setUp" classname="test.AddToCartTests" time="1.635">
    <failure type="java.lang.NullPointerException">java.lang.NullPointerException
</failure>
  </testcase>
  <testcase name="CheckProductByPrice" classname="test.AddToCartTests" time="0">
    <skipped/>
  </testcase>
  <testcase name="stopBrowser" classname="test.AddToCartTests" time="1.636">
    <failure type="java.lang.NullPointerException">java.lang.NullPointerException
</failure>
  </testcase>
  <testcase name="setUp" classname="test.UserAccessTests" time="1.641">
    <failure type="java.lang.NullPointerException">java.lang.NullPointerException
</failure>
  </testcase>
  <testcase name="loginAmazon" classname="test.UserAccessTests" time="0">
    <skipped/>
  </testcase>
  <testcase name="stopBrowser" classname="test.UserAccessTests" time="1.644">
    <failure type="java.lang.NullPointerException">java.lang.NullPointerException
</failure>
  </testcase>
  <testcase name="setUp" classname="test.ValidCartTest" time="1.645">
    <failure type="java.lang.NullPointerException">java.lang.NullPointerException
</failure>
  </testcase>
  <testcase name="CheckProductByPrice" classname="test.ValidCartTest" time="0">
    <skipped/>
  </testcase>
  <testcase name="stopBrowser" classname="test.ValidCartTest" time="1.647">
    <failure type="java.lang.NullPointerException">java.lang.NullPointerException
</failure>
  </testcase>
</testsuite>